Arguments: 
  C:\Program Files\nodejs\node.exe C:\Program Files (x86)\Yarn\bin\yarn.js publish

PATH: 
  C:\Users\R149076\bin;C:\Users\R149076\AppData\Local\Programs\Git\mingw64\bin;C:\Users\R149076\AppData\Local\Programs\Git\usr\local\bin;C:\Users\R149076\AppData\Local\Programs\Git\usr\bin;C:\Users\R149076\AppData\Local\Programs\Git\usr\bin;C:\Users\R149076\AppData\Local\Programs\Git\mingw64\bin;C:\Users\R149076\AppData\Local\Programs\Git\usr\bin;C:\Users\R149076\bin;C:\oraclexe\app\oracle\product\11.2.0\server\bin;C:\Program Files\AdoptOpenJDK\jdk-17\bin;C:\Windows\system32;C:\Windows;C:\Windows\System32\Wbem;C:\Windows\System32\WindowsPowerShell\v1.0;C:\Windows\System32\OpenSSH;C:\apps\apache-maven-3.6.3\bin;C:\Program Files\NVIDIA Corporation\NVIDIA NvDLISR;C:\Program Files (x86)\Yarn\bin;C:\Program Files\WireGuard;C:\WINDOWS\system32;C:\WINDOWS;C:\WINDOWS\System32\Wbem;C:\WINDOWS\System32\WindowsPowerShell\v1.0;C:\WINDOWS\System32\OpenSSH;C:\Program Files (x86)\dotnet;C:\Program Files\Docker\Docker\resources\bin;C:\ProgramData\DockerDesktop\version-bin;C:\Program Files\nodejs;C:\Users\R149076\AppData\Local\Microsoft\WindowsApps;C:\Users\R149076\AppData\Local\Programs\Microsoft VS Code\bin;C:\Users\R149076\AppData\Local\Programs\Fiddler;C:\Users\R149076\AppData\Local\Apps\ScaleFT\bin;C:\Users\R149076\AppData\Local\Yarn\bin;C:\Users\R149076\AppData\Local\Microsoft\WindowsApps;C:\Users\R149076\AppData\Local\Programs\Git\cmd;C:\Users\R149076\AppData\Roaming\npm;C:\Users\R149076\AppData\Local\Programs\Git\usr\bin\vendor_perl;C:\Users\R149076\AppData\Local\Programs\Git\usr\bin\core_perl

Yarn version: 
  1.22.4

Node version: 
  17.0.1

Platform: 
  win32 x64

Trace: 
  Error: https://npm.pkg.github.com/-/user/org.couchdb.user:tor-nav: Error authenticating user: Requires authentication
      at Request.params.callback [as _callback] (C:\Program Files (x86)\Yarn\lib\cli.js:66096:18)
      at Request.self.callback (C:\Program Files (x86)\Yarn\lib\cli.js:140748:22)
      at Request.emit (node:events:390:28)
      at Request.<anonymous> (C:\Program Files (x86)\Yarn\lib\cli.js:141720:10)
      at Request.emit (node:events:390:28)
      at IncomingMessage.<anonymous> (C:\Program Files (x86)\Yarn\lib\cli.js:141642:12)
      at Object.onceWrapper (node:events:509:28)
      at IncomingMessage.emit (node:events:402:35)
      at endReadableNT (node:internal/streams/readable:1340:12)
      at processTicksAndRejections (node:internal/process/task_queues:83:21)

npm manifest: 
  {
      "name": "@navikt/fp-react-components",
      "version": "1.0.0",
      "scripts": {
          "build": "rollup -c rollup.config.js",
          "clean": "rm -rf ./dist ./node_modules",
          "storybook": "cross-env NODE_OPTIONS='--openssl-legacy-provider' start-storybook -p 7001 --ci",
          "test": "jest --passWithNoTests"
      },
      "author": "NAV IT",
      "license": "SEE LICENSE IN LICENSE",
      "main": "./dist/index.js",
      "types": "./dist/index.d.ts",
      "files": [
          "dist",
          "index.ts",
          "package.json"
      ],
      "devDependencies": {
          "@storybook/react": "^6.3.12",
          "classnames": "^2.3.1",
          "cross-env": "^7.0.3",
          "dayjs": "^1.10.6",
          "lodash.throttle": "^4.1.1",
          "nav-frontend-alertstriper": "^4.0.1",
          "nav-frontend-alertstriper-style": "^3.0.1",
          "nav-frontend-chevron": "^1.0.30",
          "nav-frontend-chevron-style": "^1.0.4",
          "nav-frontend-core": "^6.0.1",
          "nav-frontend-etiketter": "^3.0.1",
          "nav-frontend-etiketter-style": "^2.0.1",
          "nav-frontend-ikoner-assets": "^3.0.1",
          "nav-frontend-ikonknapper": "^1.0.32",
          "nav-frontend-js-utils": "^1.0.20",
          "nav-frontend-knapper": "^3.1.2",
          "nav-frontend-knapper-style": "^2.1.1",
          "nav-frontend-lenker": "^2.0.1",
          "nav-frontend-lenker-style": "^2.0.1",
          "nav-frontend-paneler": "^3.0.1",
          "nav-frontend-paneler-style": "^2.0.1",
          "nav-frontend-spinner": "^3.0.1",
          "nav-frontend-spinner-style": "^1.0.2",
          "nav-frontend-typografi": "^4.0.1",
          "nav-frontend-typografi-style": "^2.0.1",
          "prop-types": "^15.7.2",
          "react": "^17.0.2",
          "react-collapse": "^5.1.0",
          "react-dom": "^17.0.2",
          "react-popper": "^2.2.5",
          "rollup": "^2.50.5",
          "rollup-plugin-peer-deps-external": "^2.2.4",
          "rollup-plugin-styles": "^3.14.1",
          "rollup-plugin-terser": "^7.0.2"
      },
      "peerDependencies": {
          "classnames": "^2.3.1",
          "cross-env": "^7.0.3",
          "dayjs": "^1.10.6",
          "lodash.throttle": "^4.1.1",
          "nav-frontend-alertstriper": "^4.0.1",
          "nav-frontend-alertstriper-style": "^3.0.1",
          "nav-frontend-chevron": "^1.0.30",
          "nav-frontend-chevron-style": "^1.0.4",
          "nav-frontend-core": "^6.0.1",
          "nav-frontend-etiketter": "^3.0.1",
          "nav-frontend-etiketter-style": "^2.0.1",
          "nav-frontend-ikoner-assets": "^3.0.1",
          "nav-frontend-ikonknapper": "^1.0.32",
          "nav-frontend-js-utils": "^1.0.20",
          "nav-frontend-knapper": "^3.1.2",
          "nav-frontend-knapper-style": "^2.1.1",
          "nav-frontend-lenker": "^2.0.1",
          "nav-frontend-lenker-style": "^2.0.1",
          "nav-frontend-paneler": "^3.0.1",
          "nav-frontend-paneler-style": "^2.0.1",
          "nav-frontend-spinner": "^3.0.1",
          "nav-frontend-spinner-style": "^1.0.2",
          "nav-frontend-typografi": "^4.0.1",
          "nav-frontend-typografi-style": "^2.0.1",
          "prop-types": "^15.7.2",
          "react": "^17.0.2",
          "react-collapse": "^5.1.0",
          "react-dom": "^17.0.2",
          "react-popper": "^2.2.5",
          "rollup": "^2.50.5",
          "rollup-plugin-peer-deps-external": "^2.2.4",
          "rollup-plugin-styles": "^3.14.1",
          "rollup-plugin-terser": "^7.0.2"
      },
      "peerDependenciesMeta": {
          "react-popper": {
              "optional": true
          }
      },
      "dependencies": {
          "@navikt/fp-bem-utils": "^1.0.0",
          "@navikt/fp-period-utils": "^1.0.0"
      },
      "publishConfig": {
          "registry": "https://npm.pkg.github.com"
      },
      "repository": {
          "type": "git",
          "url": "https://github.com/navikt/fp-frontend-modules"
      },
      "exports": {
          "require": "./dist/index.cjs.js",
          "import": "./dist/index.js"
      }
  }

yarn manifest: 
  No manifest

Lockfile: 
  No lockfile
